<?xml version="1.0" encoding="UTF-8"?>
<!-- Generated by org.testng.reporters.JUnitXMLReporter -->
<testsuite ignored="0" hostname="DESKTOP-1CQMEJU" failures="1" tests="1" name="Test" time="4.704" errors="0" timestamp="2022-06-15T15:54:39 IST">
  <testcase classname="Com.test.NewTest" name="Login" time="0.011">
    <failure type="java.lang.NullPointerException" message="Cannot invoke &amp;quot;com.login.RegPage.login(String, String)&amp;quot; because &amp;quot;this.rp&amp;quot; is null">
      <![CDATA[java.lang.NullPointerException: Cannot invoke "com.login.RegPage.login(String, String)" because "this.rp" is null
at Com.test.NewTest.Login(NewTest.java:40)
at java.base/java.util.ArrayList.forEach(ArrayList.java:1511)
... Removed 27 stack frames]]>
    </failure>
  </testcase> <!-- Login -->
</testsuite> <!-- Test -->
